---
Web data upload process started at 01/06/2013 - 15:46:47
Web data upload process ended at 01/06/2013 - 15:46:48
---
---
Web data upload process started at 01/06/2013 - 15:47:27
Web data upload process ended at 01/06/2013 - 15:47:28
---
---
Web data upload process started at 01/06/2013 - 15:51:12
Web data upload process ended at 01/06/2013 - 15:51:14
---
---
Web data upload process started at 01/06/2013 - 15:54:28
Web data upload process ended at 01/06/2013 - 15:54:30
---
---
Web data upload process started at 01/06/2013 - 15:54:46
Web data upload process ended at 01/06/2013 - 15:54:48
---
---
Web data upload process started at 01/06/2013 - 15:58:37
Web data upload process ended at 01/06/2013 - 15:58:44
---
---
Web data upload process started at 01/06/2013 - 16:57:19
Web data upload process ended at 01/06/2013 - 16:57:27
---
---
Web data upload process started at 01/06/2013 - 17:01:40
Web data upload process ended at 01/06/2013 - 17:01:48
---
---
Web data upload process started at 01/06/2013 - 17:01:56
Web data upload process ended at 01/06/2013 - 17:02:03
There was an error: "" does not exist
---
---
Web data upload process started at 01/06/2013 - 17:02:58
Web data upload process ended at 01/06/2013 - 17:03:05
There was an error: "" does not exist
---
---
Web data upload process started at 01/06/2013 - 17:03:43---
Web data upload process started at 01/06/2013 - 17:03:51---
Web data upload process started at 01/06/2013 - 17:04:31---
Web data upload process started at 01/06/2013 - 17:04:39---
Web data upload process started at 01/06/2013 - 17:04:46---
Web data upload process started at 01/06/2013 - 17:04:54
Web data upload process ended at 01/06/2013 - 17:04:56
There was an error: "" does not exist
---
---
Web data upload process started at 01/06/2013 - 17:05:12
Web data upload process ended at 01/06/2013 - 17:05:13
There was an error: "" does not exist
---
---
Web data upload process started at 01/06/2013 - 17:06:12---
Web data upload process started at 01/06/2013 - 17:06:20
Web data upload process ended at 01/06/2013 - 17:06:21
There was an error: "" does not exist
---
---
Web data upload process started at 01/06/2013 - 17:07:56---
Web data upload process started at 01/06/2013 - 17:08:02
Web data upload process ended at 01/06/2013 - 17:08:02
There was an error: local variable 'tableList' referenced before assignment
---
---
Web data upload process started at 01/06/2013 - 17:08:27---
Web data upload process started at 01/06/2013 - 17:08:32
Web data upload process ended at 01/06/2013 - 17:08:32
There was an error: local variable 'tableList' referenced before assignment
---
---
Web data upload process started at 01/06/2013 - 17:10:08---
Web data upload process started at 01/06/2013 - 17:10:14---
Web data upload process started at 01/06/2013 - 17:13:42
Web data upload process ended at 01/06/2013 - 17:13:50
---
---
Web data upload process started at 01/06/2013 - 17:14:02
Web data upload process ended at 01/06/2013 - 17:14:10
---
---
Web data upload process started at 01/06/2013 - 17:14:21
Web data upload process ended at 01/06/2013 - 17:14:23
---
---
Web data upload process started at 01/06/2013 - 17:19:33
Web data upload process ended at 01/06/2013 - 17:19:42
---
---
Web data upload process started at 01/06/2013 - 17:20:02
Process stopped: No datasets provided
Web data upload process ended at 01/06/2013 - 17:20:04
---
---
Web data upload process started at 01/06/2013 - 17:31:09
Web data upload process ended at 01/06/2013 - 17:31:18
There was an error: global name 'zipfile' is not defined
---
---
Web data upload process started at 01/06/2013 - 17:32:30
Web data upload process ended at 01/06/2013 - 17:32:39
---
---
Web data upload process started at 01/06/2013 - 17:36:06
Web data upload process ended at 01/06/2013 - 17:36:15
There was an error: coercing to Unicode: need string or buffer, Result found
---
---
Web data upload process started at 01/06/2013 - 17:38:38
Web data upload process ended at 01/06/2013 - 17:38:40
There was an error: ERROR 000210: Cannot create output C:\Temp\scratch\WebData.gdb\Address
Failed to execute (CopyFeatures).

---
---
Web data upload process started at 01/06/2013 - 17:39:06
Web data upload process ended at 01/06/2013 - 17:39:08
There was an error: ERROR 000210: Cannot create output C:\Temp\scratch\WebData.gdb\Address
Failed to execute (CopyFeatures).

---
---
Web data upload process started at 01/06/2013 - 17:40:43
Web data upload process ended at 01/06/2013 - 17:40:45
There was an error: ERROR 000210: Cannot create output C:\Temp\scratch\WebData.gdb\Address
Failed to execute (CopyFeatures).

---
---
Web data upload process started at 01/06/2013 - 17:41:06
Web data upload process ended at 01/06/2013 - 17:41:08
There was an error: ERROR 000210: Cannot create output C:\Temp\scratch\WebData.gdb\Address
Failed to execute (CopyFeatures).

---
---
Web data upload process started at 01/06/2013 - 17:41:58
Web data upload process ended at 01/06/2013 - 17:42:01
There was an error: ERROR 000210: Cannot create output C:\Temp\scratch\WebData.gdb\Address
Failed to execute (CopyFeatures).

---
---
Web data upload process started at 01/06/2013 - 17:44:04
Web data upload process ended at 01/06/2013 - 17:44:06
There was an error: ResultObject: Error in getting output
---
---
Web data upload process started at 01/06/2013 - 17:45:27
Web data upload process ended at 01/06/2013 - 17:45:29
There was an error: ResultObject: Error in getting output
---
---
Web data upload process started at 01/06/2013 - 17:46:01
Web data upload process ended at 01/06/2013 - 17:46:02
There was an error: ResultObject: Error in getting output
---
---
Web data upload process started at 01/06/2013 - 17:46:30
Web data upload process ended at 01/06/2013 - 17:46:32
There was an error: global name 'dfgdf' is not defined
---
---
Web data upload process started at 01/06/2013 - 17:47:22
Web data upload process ended at 01/06/2013 - 17:47:24
There was an error: ResultObject: Error in getting output
---
---
Web data upload process started at 01/06/2013 - 17:49:06
Web data upload process ended at 01/06/2013 - 17:49:08
There was an error: ResultObject: Error in getting output
---
---
Web data upload process started at 01/06/2013 - 17:50:44
Web data upload process ended at 01/06/2013 - 17:50:46
There was an error: ResultObject: Error in getting output
---
---
Web data upload process started at 01/06/2013 - 17:51:36
Web data upload process ended at 01/06/2013 - 17:51:38
There was an error: unsupported operand type(s) for +: 'Result' and 'str'
---
---
Web data upload process started at 01/06/2013 - 17:52:19
Web data upload process ended at 01/06/2013 - 17:52:21
There was an error: ResultObject: Error in getting output
---
---
Web data upload process started at 01/06/2013 - 17:52:38
Web data upload process ended at 01/06/2013 - 17:52:47
There was an error: coercing to Unicode: need string or buffer, Result found
---
---
Web data upload process started at 01/06/2013 - 17:53:45
Web data upload process ended at 01/06/2013 - 17:53:54
There was an error: coercing to Unicode: need string or buffer, Result found
---
---
Web data upload process started at 01/06/2013 - 17:54:31
Web data upload process ended at 01/06/2013 - 17:54:41
There was an error: global name 'dsgfsdfdsg' is not defined
---
---
Web data upload process started at 01/06/2013 - 17:55:10
Web data upload process ended at 01/06/2013 - 17:55:20
---
---
Web data upload process started at 01/06/2013 - 18:16:16
Web data upload process ended at 01/06/2013 - 18:16:28
There was an error: 550 Filename invalid
---
---
Web data upload process started at 01/06/2013 - 18:16:57
Web data upload process ended at 01/06/2013 - 18:17:09
There was an error: global name 'dsfdfs' is not defined
---
---
Web data upload process started at 01/06/2013 - 18:17:38
Web data upload process ended at 01/06/2013 - 18:18:00
---
---
Web data upload process started at 01/06/2013 - 18:19:09
Web data upload process ended at 01/06/2013 - 18:19:33
---
---
Web data upload process started at 01/06/2013 - 18:21:54
Web data upload process ended at 01/06/2013 - 18:22:17
---
---
Web data upload process started at 01/06/2013 - 18:22:56
Web data upload process ended at 01/06/2013 - 18:23:16
---
---
Web data upload process started at 01/06/2013 - 18:24:33
Process stopped: No datasets provided
Web data upload process ended at 01/06/2013 - 18:24:34
---
---
Web data upload process started at 01/06/2013 - 21:59:05---
Data update from zip process started at 02/06/2013 - 18:24:13
Data update from zip process ended at 02/06/2013 - 18:24:13
---
---
Data update from zip process started at 02/06/2013 - 18:24:55
Data update from zip process ended at 02/06/2013 - 18:24:55
---
---
Data update from zip process started at 02/06/2013 - 18:25:19
Data update from zip process ended at 02/06/2013 - 18:25:19
---
---
Data update from zip process started at 02/06/2013 - 18:30:08
Data update from zip process ended at 02/06/2013 - 18:30:08
There was an error: global name 'uuid' is not defined
---
---
Data update from zip process started at 02/06/2013 - 18:30:31
Data update from zip process ended at 02/06/2013 - 18:30:32
There was an error: ResultObject: Error in parsing arguments GetOutput
---
---
Data update from zip process started at 02/06/2013 - 18:31:01
Data update from zip process ended at 02/06/2013 - 18:31:01
---
---
Data update from zip process started at 02/06/2013 - 19:07:48
Data update from zip process ended at 02/06/2013 - 19:07:50
---
---
Data update from zip process started at 02/06/2013 - 19:14:46
Data update from zip process ended at 02/06/2013 - 19:14:56
---
---
Web data upload process started at 02/06/2013 - 19:18:19
Web data upload process ended at 02/06/2013 - 19:18:20
There was an error: "'C:\Data\Tools & Scripts\Data Upload & Update\PCC.gdb\test'" does not exist
---
---
Web data upload process started at 02/06/2013 - 19:18:58
Web data upload process ended at 02/06/2013 - 19:19:00
There was an error: "'C:\Downloads\New File Geodatabase.gdb\Address'" does not exist
---
---
Web data upload process started at 02/06/2013 - 19:20:12
Web data upload process ended at 02/06/2013 - 19:20:13
There was an error: "'C:\Data\Tools & Scripts\Data Upload & Update\PCC.gdb\test'" does not exist
---
---
Web data upload process started at 02/06/2013 - 19:22:35
Process stopped: No datasets provided
Web data upload process ended at 02/06/2013 - 19:22:41
---
---
Web data upload process started at 02/06/2013 - 19:24:23
Process stopped: No datasets provided
Web data upload process ended at 02/06/2013 - 19:24:29
---
---
Web data upload process started at 02/06/2013 - 19:26:32
Web data upload process ended at 02/06/2013 - 19:26:51
---
---
Web data upload process started at 02/06/2013 - 19:27:02
Process stopped: No datasets provided
Web data upload process ended at 02/06/2013 - 19:27:04
---
---
Web data upload process started at 02/06/2013 - 19:27:13
Web data upload process ended at 02/06/2013 - 19:27:16
---
---
Web data upload process started at 02/06/2013 - 19:27:24
Web data upload process ended at 02/06/2013 - 19:27:47
---
---
Data update from zip process started at 02/06/2013 - 19:29:21
Data update from zip process ended at 02/06/2013 - 19:29:23
---
---
Data update from zip process started at 02/06/2013 - 19:29:37
Data update from zip process ended at 02/06/2013 - 19:29:39
---
---
Data update from zip process started at 02/06/2013 - 20:13:14
Data update from zip process ended at 02/06/2013 - 20:13:16
---
---
Data update from zip process started at 02/06/2013 - 20:15:38
Warning: C:\Downloads\New File Geodatabase.gdb\Address does not exist and won't be updated
Warning: C:\Downloads\New File Geodatabase.gdb\HydroSeg does not exist and won't be updated
Data update from zip process ended at 02/06/2013 - 20:15:40
---
---
Data update from zip process started at 02/06/2013 - 20:16:39
Data update from zip process ended at 02/06/2013 - 20:16:52
---
---
Data update from zip process started at 02/06/2013 - 20:17:24
Data update from zip process ended at 02/06/2013 - 20:17:32
---
---
Web data upload process started at 02/07/2013 - 10:51:29
Web data upload process ended at 02/07/2013 - 10:51:49
---
---
Web data upload process started at 02/07/2013 - 10:55:56
Web data upload process ended at 02/07/2013 - 10:56:15
There was an error: The toolbox file C:\Users\sweston\AppData\Roaming\Esri\Desktop10.1\ArcCatalog\rcgis on gis.mstn.govt.nz (user)\Tools\DataUpdateCarterton.GPServer was not found.
---
---
Web data upload process started at 02/07/2013 - 10:56:50
Web data upload process ended at 02/07/2013 - 10:57:08
There was an error: The toolbox file C:\Users\sweston\AppData\Roaming\ESRI\Desktop10.1\ArcCatalog\arcgis on gis.mstn.govt.nz (user)\Tools/DataUpdateCarterton.GPServer was not found.
---
---
Web data upload process started at 02/07/2013 - 11:00:30
Web data upload process ended at 02/07/2013 - 11:00:52
There was an error: The toolbox file http://gis.mstn.govt.nz/arcgis/services;Tools/DataUpdateCarterton was not found.
---
---
Web data upload process started at 02/07/2013 - 11:02:05
Web data upload process ended at 02/07/2013 - 11:02:27
There was an error: The toolbox file http://gis.mstn.govt.nz/arcgis/services;Tools/DataUpdateCarterton was not found.
---
---
Web data upload process started at 02/07/2013 - 11:16:21
Web data upload process ended at 02/07/2013 - 11:16:45
---
---
Web data upload process started at 02/07/2013 - 11:20:42
Web data upload process ended at 02/07/2013 - 11:21:42
There was an error: The toolbox file http://gis.mstn.govt.nz/arcgis/services;Tools/DataUpdateCarterton;gisarc;Summer2012 was not found.
---
---
Web data upload process started at 02/07/2013 - 11:22:16
Web data upload process ended at 02/07/2013 - 11:22:37
There was an error: The toolbox file http://gis.mstn.govt.nz/arcgis/services;Tools/DataUpdateCarterton;gisarc;Summer2011 was not found.
---
---
Web data upload process started at 02/07/2013 - 11:23:11
Web data upload process ended at 02/07/2013 - 11:24:15
There was an error: The toolbox file http://gis.mstn.govt.nz/arcgis/services;Tools/DataUpdateCarterton;{gisarc};{Summer2011} was not found.
---
---
Web data upload process started at 02/07/2013 - 11:24:40
Web data upload process ended at 02/07/2013 - 11:25:59
There was an error: ERROR 999999: Error executing function.
The server took too long to answer. The client has timed out.
---
---
Web data upload process started at 02/07/2013 - 11:28:37
Web data upload process ended at 02/07/2013 - 11:30:02
There was an error: Object: Tool or environment <DataUpdateFromZip_DataUpdateCarterton> not found
---
---
Web data upload process started at 02/07/2013 - 11:31:50
Web data upload process ended at 02/07/2013 - 11:33:15
There was an error: Object: Tool or environment <DataUpdateFromZip_DataUpdateCarterton> not found
---
---
Web data upload process started at 02/07/2013 - 11:34:50
Web data upload process ended at 02/07/2013 - 11:35:36
There was an error: Object: Tool or environment <DataUpdateFromZip_DataUpdateCarterton> not found
---
---
Web data upload process started at 02/07/2013 - 11:39:59
Web data upload process ended at 02/07/2013 - 11:41:01
There was an error: The toolbox file http://gis.mstn.govt.nz/arcgis/services;Tools/DataUpdateCarterton;{administrator};{Spl1ceGroup} was not found.
---
---
Web data upload process started at 02/07/2013 - 11:41:34
Web data upload process ended at 02/07/2013 - 11:42:18
There was an error: Object: Tool or environment <DataUpdateFromZip_DataUpdateCarterton> not found
---
---
Web data upload process started at 02/07/2013 - 11:43:41
Web data upload process ended at 02/07/2013 - 11:44:05
There was an error: Object: Tool or environment <DataUpdateFromZip_DataUpdateCarterton> not found
---
---
Web data upload process started at 02/07/2013 - 11:47:49
Web data upload process ended at 02/07/2013 - 11:48:11
There was an error: Object: Tool or environment <DataUpdateFromZip_DataUpdateCarterton> not found
---
---
Web data upload process started at 02/07/2013 - 11:49:03
Web data upload process ended at 02/07/2013 - 11:49:24
There was an error: Object: Tool or environment <DataUpdateFromZip_DataUpdateCarterton> not found
---
---
Web data upload process started at 02/07/2013 - 12:09:53
Web data upload process ended at 02/07/2013 - 12:10:17
There was an error: Object: Tool or environment <DataUpdateFromZip_DataUpdateCarterton> not found
---
---
Data update from zip process started at 02/07/2013 - 12:17:41
Data update from zip process ended at 02/07/2013 - 12:17:41
There was an error: max() arg is an empty sequence
---
---
Web data upload process started at 02/07/2013 - 12:59:53
Web data upload process ended at 02/07/2013 - 13:00:16
---
---
Web data upload process started at 02/07/2013 - 13:05:31
Web data upload process ended at 02/07/2013 - 13:05:50
There was an error: Object: Tool or environment <DataUpdateFromZip_DataUpdateCarterton> not found
---
---
Web data upload process started at 02/07/2013 - 13:09:33
Web data upload process ended at 02/07/2013 - 13:09:53
---
---
Web data upload process started at 02/07/2013 - 13:13:08
Web data upload process ended at 02/07/2013 - 13:13:27
There was an error: ERROR 000582: Error occurred during execution.

---
---
Web data upload process started at 02/07/2013 - 13:29:36
Web data upload process ended at 02/07/2013 - 13:29:56
---
---
Web data upload process started at 02/07/2013 - 13:31:40
Web data upload process ended at 02/07/2013 - 13:32:20
There was an error: Object: Tool or environment <DataUpdateFromZip_CartertonDataUpdate> not found
---
---
Web data upload process started at 02/07/2013 - 13:32:47
Web data upload process ended at 02/07/2013 - 13:33:09
There was an error: Object: Tool or environment <DataUpdateFromZip_CartertonDataUpdate> not found
---
---
Web data upload process started at 02/07/2013 - 13:33:59
Web data upload process ended at 02/07/2013 - 13:34:17
There was an error: Object: Tool or environment <DataUpdateFromZip_CartertonDataUpdate> not found
---
---
Web data upload process started at 02/07/2013 - 13:37:42
Web data upload process ended at 02/07/2013 - 13:38:03
There was an error: The toolbox file http://gis.mstn.govt.nz/arcgis/services;Tools/CartertonDataUpdate was not found.
---
---
Web data upload process started at 02/07/2013 - 13:38:47
Web data upload process ended at 02/07/2013 - 13:39:07
---
---
Web data upload process started at 02/07/2013 - 13:40:31
Web data upload process ended at 02/07/2013 - 13:40:50
There was an error: Object: Tool or environment <DataUpdateFromZip_CartertonDataUpdate> not found
---
---
Web data upload process started at 02/07/2013 - 13:43:19
Web data upload process ended at 02/07/2013 - 13:44:22
---
---
Web data upload process started at 02/07/2013 - 13:51:21
Web data upload process ended at 02/07/2013 - 13:51:39
---
---
Web data upload process started at 02/07/2013 - 14:05:09
Web data upload process ended at 02/07/2013 - 14:05:30
---
